emsp - [2025-04-10 09:46:41,852][INFO ][restartedMain][EmspApplication][?] - Starting EmspApplication using Java 17.0.14 with PID 25024 (C:\Users\zhj\IdeaProjects\emsp\target\classes started by zhj in C:\Users\zhj\IdeaProjects\emsp)
emsp - [2025-04-10 09:46:41,854][INFO ][restartedMain][EmspApplication][?] - The following 1 profile is active: "dev"
emsp - [2025-04-10 09:46:41,912][INFO ][restartedMain][DevToolsPropertyDefaultsPostProcessor][?] - Devtools property defaults active! Set 'spring.devtools.add-properties' to 'false' to disable
emsp - [2025-04-10 09:46:41,912][INFO ][restartedMain][DevToolsPropertyDefaultsPostProcessor][?] - For additional web related logging consider setting the 'logging.level.web' property to 'DEBUG'
emsp - [2025-04-10 09:46:42,662][INFO ][restartedMain][RepositoryConfigurationDelegate][?] - Bootstrapping Spring Data JPA repositories in DEFAULT mode.
emsp - [2025-04-10 09:46:42,691][INFO ][restartedMain][RepositoryConfigurationDelegate][?] - Finished Spring Data repository scanning in 14 ms. Found 0 JPA repository interfaces.
emsp - [2025-04-10 09:46:43,235][INFO ][restartedMain][TomcatWebServer][?] - Tomcat initialized with port 8086 (http)
emsp - [2025-04-10 09:46:43,249][INFO ][restartedMain][Http11NioProtocol][?] - Initializing ProtocolHandler ["http-nio-8086"]
emsp - [2025-04-10 09:46:43,251][INFO ][restartedMain][StandardService][?] - Starting service [Tomcat]
emsp - [2025-04-10 09:46:43,251][INFO ][restartedMain][StandardEngine][?] - Starting Servlet engine: [Apache Tomcat/10.1.39]
emsp - [2025-04-10 09:46:43,313][INFO ][restartedMain][[/]][?] - Initializing Spring embedded WebApplicationContext
emsp - [2025-04-10 09:46:43,313][INFO ][restartedMain][ServletWebServerApplicationContext][?] - Root WebApplicationContext: initialization completed in 1400 ms
emsp - [2025-04-10 09:46:43,491][INFO ][restartedMain][LogHelper][?] - HHH000204: Processing PersistenceUnitInfo [name: default]
emsp - [2025-04-10 09:46:43,561][INFO ][restartedMain][Version][?] - HHH000412: Hibernate ORM core version 6.6.11.Final
emsp - [2025-04-10 09:46:43,601][INFO ][restartedMain][RegionFactoryInitiator][?] - HHH000026: Second-level cache disabled
emsp - [2025-04-10 09:46:43,927][INFO ][restartedMain][SpringPersistenceUnitInfo][?] - No LoadTimeWeaver setup: ignoring JPA class transformer
emsp - [2025-04-10 09:46:43,959][INFO ][restartedMain][HikariDataSource][?] - HikariPool-1 - Starting...
emsp - [2025-04-10 09:46:44,246][INFO ][restartedMain][HikariPool][?] - HikariPool-1 - Added connection org.postgresql.jdbc.PgConnection@6583a91f
emsp - [2025-04-10 09:46:44,247][INFO ][restartedMain][HikariDataSource][?] - HikariPool-1 - Start completed.
emsp - [2025-04-10 09:46:44,342][WARN ][restartedMain][Dialect][?] - HHH000511: The 11.5.0 version for [org.hibernate.dialect.PostgreSQLDialect] is no longer supported, hence certain features may not work properly. The minimum supported version is 12.0.0. Check the community dialects project for available legacy versions.
emsp - [2025-04-10 09:46:44,413][INFO ][restartedMain][pooling][?] - HHH10001005: Database info:
	Database JDBC URL [Connecting through datasource 'HikariDataSource (HikariPool-1)']
	Database driver: undefined/unknown
	Database version: 11.5
	Autocommit mode: undefined/unknown
	Isolation level: undefined/unknown
	Minimum pool size: undefined/unknown
	Maximum pool size: undefined/unknown
emsp - [2025-04-10 09:46:44,476][ERROR][restartedMain][LocalContainerEntityManagerFactoryBean][?] - Failed to initialize JPA EntityManagerFactory: Unable to resolve name [com.lenovo.iop.user.auth.infrastructure.config.TenantStatementInterceptor] as strategy [org.hibernate.resource.jdbc.spi.StatementInspector]
emsp - [2025-04-10 09:46:44,477][WARN ][restartedMain][AnnotationConfigServletWebServerApplicationContext][?] - Exception encountered during context initialization - cancelling refresh attempt: org.springframework.beans.factory.BeanCreationException: Error creating bean with name 'entityManagerFactory' defined in class path resource [org/springframework/boot/autoconfigure/orm/jpa/HibernateJpaConfiguration.class]: Unable to resolve name [com.lenovo.iop.user.auth.infrastructure.config.TenantStatementInterceptor] as strategy [org.hibernate.resource.jdbc.spi.StatementInspector]
emsp - [2025-04-10 09:46:44,478][INFO ][restartedMain][HikariDataSource][?] - HikariPool-1 - Shutdown initiated...
emsp - [2025-04-10 09:46:44,562][INFO ][restartedMain][HikariDataSource][?] - HikariPool-1 - Shutdown completed.
emsp - [2025-04-10 09:46:44,565][INFO ][restartedMain][StandardService][?] - Stopping service [Tomcat]
emsp - [2025-04-10 09:46:44,574][INFO ][restartedMain][ConditionEvaluationReportLogger][?] - 

Error starting ApplicationContext. To display the condition evaluation report re-run your application with 'debug' enabled.
emsp - [2025-04-10 09:46:44,592][ERROR][restartedMain][SpringApplication][?] - Application run failed
org.springframework.beans.factory.BeanCreationException: Error creating bean with name 'entityManagerFactory' defined in class path resource [org/springframework/boot/autoconfigure/orm/jpa/HibernateJpaConfiguration.class]: Unable to resolve name [com.lenovo.iop.user.auth.infrastructure.config.TenantStatementInterceptor] as strategy [org.hibernate.resource.jdbc.spi.StatementInspector]
	at org.springframework.beans.factory.support.AbstractAutowireCapableBeanFactory.initializeBean(AbstractAutowireCapableBeanFactory.java:1812)
	at org.springframework.beans.factory.support.AbstractAutowireCapableBeanFactory.doCreateBean(AbstractAutowireCapableBeanFactory.java:601)
	at org.springframework.beans.factory.support.AbstractAutowireCapableBeanFactory.createBean(AbstractAutowireCapableBeanFactory.java:523)
	at org.springframework.beans.factory.support.AbstractBeanFactory.lambda$doGetBean$0(AbstractBeanFactory.java:339)
	at org.springframework.beans.factory.support.DefaultSingletonBeanRegistry.getSingleton(DefaultSingletonBeanRegistry.java:347)
	at org.springframework.beans.factory.support.AbstractBeanFactory.doGetBean(AbstractBeanFactory.java:337)
	at org.springframework.beans.factory.support.AbstractBeanFactory.getBean(AbstractBeanFactory.java:207)
	at org.springframework.context.support.AbstractApplicationContext.finishBeanFactoryInitialization(AbstractApplicationContext.java:970)
	at org.springframework.context.support.AbstractApplicationContext.refresh(AbstractApplicationContext.java:627)
	at org.springframework.boot.web.servlet.context.ServletWebServerApplicationContext.refresh(ServletWebServerApplicationContext.java:146)
	at org.springframework.boot.SpringApplication.refresh(SpringApplication.java:752)
	at org.springframework.boot.SpringApplication.refreshContext(SpringApplication.java:439)
	at org.springframework.boot.SpringApplication.run(SpringApplication.java:318)
	at org.springframework.boot.SpringApplication.run(SpringApplication.java:1361)
	at org.springframework.boot.SpringApplication.run(SpringApplication.java:1350)
	at com.volvo.emsp.EmspApplication.main(EmspApplication.java:10)
	at java.base/jdk.internal.reflect.NativeMethodAccessorImpl.invoke0(Native Method)
	at java.base/jdk.internal.reflect.NativeMethodAccessorImpl.invoke(NativeMethodAccessorImpl.java:77)
	at java.base/jdk.internal.reflect.DelegatingMethodAccessorImpl.invoke(DelegatingMethodAccessorImpl.java:43)
	at java.base/java.lang.reflect.Method.invoke(Method.java:569)
	at org.springframework.boot.devtools.restart.RestartLauncher.run(RestartLauncher.java:50)
Caused by: org.hibernate.boot.registry.selector.spi.StrategySelectionException: Unable to resolve name [com.lenovo.iop.user.auth.infrastructure.config.TenantStatementInterceptor] as strategy [org.hibernate.resource.jdbc.spi.StatementInspector]
	at org.hibernate.boot.registry.selector.internal.StrategySelectorImpl.selectStrategyImplementor(StrategySelectorImpl.java:154)
	at org.hibernate.boot.registry.selector.internal.StrategySelectorImpl.resolveStrategy(StrategySelectorImpl.java:236)
	at org.hibernate.boot.registry.selector.internal.StrategySelectorImpl.resolveDefaultableStrategy(StrategySelectorImpl.java:180)
	at org.hibernate.boot.registry.selector.internal.StrategySelectorImpl.resolveDefaultableStrategy(StrategySelectorImpl.java:167)
	at org.hibernate.boot.registry.selector.internal.StrategySelectorImpl.resolveStrategy(StrategySelectorImpl.java:162)
	at org.hibernate.boot.internal.SessionFactoryOptionsBuilder.<init>(SessionFactoryOptionsBuilder.java:349)
	at org.hibernate.boot.internal.SessionFactoryBuilderImpl.<init>(SessionFactoryBuilderImpl.java:50)
	at org.hibernate.boot.internal.DefaultSessionFactoryBuilderService.createSessionFactoryBuilder(DefaultSessionFactoryBuilderService.java:26)
	at org.hibernate.boot.internal.MetadataImpl.getSessionFactoryBuilder(MetadataImpl.java:175)
	at org.hibernate.jpa.boot.internal.EntityManagerFactoryBuilderImpl.build(EntityManagerFactoryBuilderImpl.java:1513)
	at org.springframework.orm.jpa.vendor.SpringHibernateJpaPersistenceProvider.createContainerEntityManagerFactory(SpringHibernateJpaPersistenceProvider.java:66)
	at org.springframework.orm.jpa.LocalContainerEntityManagerFactoryBean.createNativeEntityManagerFactory(LocalContainerEntityManagerFactoryBean.java:390)
	at org.springframework.orm.jpa.AbstractEntityManagerFactoryBean.buildNativeEntityManagerFactory(AbstractEntityManagerFactoryBean.java:419)
	at org.springframework.orm.jpa.AbstractEntityManagerFactoryBean.afterPropertiesSet(AbstractEntityManagerFactoryBean.java:400)
	at org.springframework.orm.jpa.LocalContainerEntityManagerFactoryBean.afterPropertiesSet(LocalContainerEntityManagerFactoryBean.java:366)
	at org.springframework.beans.factory.support.AbstractAutowireCapableBeanFactory.invokeInitMethods(AbstractAutowireCapableBeanFactory.java:1859)
	at org.springframework.beans.factory.support.AbstractAutowireCapableBeanFactory.initializeBean(AbstractAutowireCapableBeanFactory.java:1808)
	... 20 common frames omitted
Caused by: org.hibernate.boot.registry.classloading.spi.ClassLoadingException: Unable to load class [com.lenovo.iop.user.auth.infrastructure.config.TenantStatementInterceptor]
	at org.hibernate.boot.registry.classloading.internal.ClassLoaderServiceImpl.classForName(ClassLoaderServiceImpl.java:126)
	at org.hibernate.boot.registry.selector.internal.StrategySelectorImpl.selectStrategyImplementor(StrategySelectorImpl.java:150)
	... 36 common frames omitted
Caused by: java.lang.ClassNotFoundException: Could not load requested class : com.lenovo.iop.user.auth.infrastructure.config.TenantStatementInterceptor
	at org.hibernate.boot.registry.classloading.internal.AggregatedClassLoader.findClass(AggregatedClassLoader.java:216)
	at java.base/java.lang.ClassLoader.loadClass(ClassLoader.java:592)
	at java.base/java.lang.ClassLoader.loadClass(ClassLoader.java:525)
	at java.base/java.lang.Class.forName0(Native Method)
	at java.base/java.lang.Class.forName(Class.java:467)
	at org.hibernate.boot.registry.classloading.internal.ClassLoaderServiceImpl.classForName(ClassLoaderServiceImpl.java:123)
	... 37 common frames omitted
Caused by: java.lang.Throwable: null
	at org.hibernate.boot.registry.classloading.internal.AggregatedClassLoader.findClass(AggregatedClassLoader.java:209)
	... 42 common frames omitted
	Suppressed: java.lang.ClassNotFoundException: com.lenovo.iop.user.auth.infrastructure.config.TenantStatementInterceptor
		at java.base/jdk.internal.loader.BuiltinClassLoader.loadClass(BuiltinClassLoader.java:641)
		at java.base/jdk.internal.loader.ClassLoaders$AppClassLoader.loadClass(ClassLoaders.java:188)
		at java.base/java.lang.ClassLoader.loadClass(ClassLoader.java:525)
		at java.base/java.lang.Class.forName0(Native Method)
		at java.base/java.lang.Class.forName(Class.java:467)
		at org.springframework.boot.devtools.restart.classloader.RestartClassLoader.loadClass(RestartClassLoader.java:121)
		at java.base/java.lang.ClassLoader.loadClass(ClassLoader.java:525)
		at org.hibernate.boot.registry.classloading.internal.AggregatedClassLoader.findClass(AggregatedClassLoader.java:206)
		... 42 common frames omitted
	Suppressed: java.lang.ClassNotFoundException: com.lenovo.iop.user.auth.infrastructure.config.TenantStatementInterceptor
		at java.base/jdk.internal.loader.BuiltinClassLoader.loadClass(BuiltinClassLoader.java:641)
		at java.base/jdk.internal.loader.ClassLoaders$AppClassLoader.loadClass(ClassLoaders.java:188)
		at java.base/java.lang.ClassLoader.loadClass(ClassLoader.java:525)
		at org.hibernate.boot.registry.classloading.internal.AggregatedClassLoader.findClass(AggregatedClassLoader.java:206)
		... 42 common frames omitted
	Suppressed: java.lang.ClassNotFoundException: com.lenovo.iop.user.auth.infrastructure.config.TenantStatementInterceptor
		at java.base/jdk.internal.loader.BuiltinClassLoader.loadClass(BuiltinClassLoader.java:641)
		at java.base/jdk.internal.loader.ClassLoaders$AppClassLoader.loadClass(ClassLoaders.java:188)
		at java.base/java.lang.ClassLoader.loadClass(ClassLoader.java:525)
		at java.base/java.lang.Class.forName0(Native Method)
		at java.base/java.lang.Class.forName(Class.java:467)
		at org.springframework.boot.devtools.restart.classloader.RestartClassLoader.loadClass(RestartClassLoader.java:121)
		at java.base/java.lang.ClassLoader.loadClass(ClassLoader.java:525)
		at org.hibernate.boot.registry.classloading.internal.AggregatedClassLoader.findClass(AggregatedClassLoader.java:206)
		... 42 common frames omitted
	Suppressed: java.lang.ClassNotFoundException: com.lenovo.iop.user.auth.infrastructure.config.TenantStatementInterceptor
		at java.base/jdk.internal.loader.BuiltinClassLoader.loadClass(BuiltinClassLoader.java:641)
		at java.base/jdk.internal.loader.ClassLoaders$AppClassLoader.loadClass(ClassLoaders.java:188)
		at java.base/java.lang.ClassLoader.loadClass(ClassLoader.java:525)
		at org.hibernate.boot.registry.classloading.internal.AggregatedClassLoader.findClass(AggregatedClassLoader.java:206)
		... 42 common frames omitted
